[debug] [2024-02-21T07:34:58.167Z] ----------------------------------------------------------------------
[debug] [2024-02-21T07:34:58.174Z] Command:       C:\Program Files\nodejs\node.exe C:\Users\ASUS\AppData\Roaming\npm\node_modules\firebase-tools\lib\bin\firebase.js init
[debug] [2024-02-21T07:34:58.175Z] CLI Version:   13.3.0
[debug] [2024-02-21T07:34:58.176Z] Platform:      win32
[debug] [2024-02-21T07:34:58.176Z] Node Version:  v20.11.0
[debug] [2024-02-21T07:34:58.177Z] Time:          Wed Feb 21 2024 13:04:58 GMT+0530 (India Standard Time)
[debug] [2024-02-21T07:34:58.177Z] ----------------------------------------------------------------------
[debug] 
[debug] [2024-02-21T07:34:58.189Z] > command requires scopes: ["email","openid","https://www.googleapis.com/auth/cloudplatformprojects.readonly","https://www.googleapis.com/auth/firebase","https://www.googleapis.com/auth/cloud-platform"]
[debug] [2024-02-21T07:34:58.191Z] > authorizing via signed-in user (rishabhdev444@gmail.com)
[info] 
     ######## #### ########  ######## ########     ###     ######  ########
     ##        ##  ##     ## ##       ##     ##  ##   ##  ##       ##
     ######    ##  ########  ######   ########  #########  ######  ######
     ##        ##  ##    ##  ##       ##     ## ##     ##       ## ##
     ##       #### ##     ## ######## ########  ##     ##  ######  ########

You're about to initialize a Firebase project in this directory:

  F:\React Tut\firebase-social-media-app

[info] 
=== Project Setup
[info] 
[info] First, let's associate this project directory with a Firebase project.
[info] You can create multiple project aliases by running firebase use --add, 
[info] but for now we'll just set up a default project.
[info] 
[debug] [2024-02-21T07:35:24.291Z] >>> [apiv2][query] GET https://firebase.googleapis.com/v1beta1/projects pageSize=100
[debug] [2024-02-21T07:35:25.162Z] <<< [apiv2][status] GET https://firebase.googleapis.com/v1beta1/projects 200
[debug] [2024-02-21T07:35:25.163Z] <<< [apiv2][body] GET https://firebase.googleapis.com/v1beta1/projects [omitted]
[info] i  Using project fir-react-app-6bd13 (firebase-react-app) 
[info] 
=== Hosting Setup
[debug] [2024-02-21T07:35:32.406Z] >>> [apiv2][query] GET https://firebase.googleapis.com/v1beta1/projects/fir-react-app-6bd13 [none]
[debug] [2024-02-21T07:35:33.063Z] <<< [apiv2][status] GET https://firebase.googleapis.com/v1beta1/projects/fir-react-app-6bd13 200
[debug] [2024-02-21T07:35:33.064Z] <<< [apiv2][body] GET https://firebase.googleapis.com/v1beta1/projects/fir-react-app-6bd13 {"projectId":"fir-react-app-6bd13","projectNumber":"746263950432","displayName":"firebase-react-app","name":"projects/fir-react-app-6bd13","resources":{"hostingSite":"fir-react-app-6bd13"},"state":"ACTIVE","etag":"1_8546adca-ae66-4b36-ae99-c9e12be7a8a0"}
[info] 
[info] Your public directory is the folder (relative to your project directory) that
[info] will contain Hosting assets to be uploaded with firebase deploy. If you
[info] have a build process for your assets, use your build's output directory.
[info] 
[info] +  Wrote public/404.html 
[debug] [2024-02-21T07:36:29.078Z] >>> [apiv2][query] GET https://www.gstatic.com/firebasejs/releases.json [none]
[debug] [2024-02-21T07:36:29.247Z] <<< [apiv2][status] GET https://www.gstatic.com/firebasejs/releases.json 200
[debug] [2024-02-21T07:36:29.247Z] <<< [apiv2][body] GET https://www.gstatic.com/firebasejs/releases.json {"current":{"version":"10.8.0","browserURL":"https://www.gstatic.com/firebasejs/10.8.0/firebase.js","packageURL":"https://www.gstatic.com/firebasejs/10.8.0/firebase.tgz"},"live":{"version":"10.8","browserURL":"https://www.gstatic.com/firebasejs/live/10.8/firebase.js","packageURL":"https://www.gstatic.com/firebasejs/live/10.8/firebase.tgz"},"components":{"analytics":"https://www.gstatic.com/firebasejs/10.8.0/firebase-analytics.js","app":"https://www.gstatic.com/firebasejs/10.8.0/firebase-app.js","app-check":"https://www.gstatic.com/firebasejs/10.8.0/firebase-app-check.js","auth":"https://www.gstatic.com/firebasejs/10.8.0/firebase-auth.js","auth/cordova":"https://www.gstatic.com/firebasejs/10.8.0/firebase-auth/cordova.js","auth/web-extension":"https://www.gstatic.com/firebasejs/10.8.0/firebase-auth/web-extension.js","functions":"https://www.gstatic.com/firebasejs/10.8.0/firebase-functions.js","firestore":"https://www.gstatic.com/firebasejs/10.8.0/firebase-firestore.js","firestore/lite":"https://www.gstatic.com/firebasejs/10.8.0/firebase-firestore/lite.js","installations":"https://www.gstatic.com/firebasejs/10.8.0/firebase-installations.js","storage":"https://www.gstatic.com/firebasejs/10.8.0/firebase-storage.js","performance":"https://www.gstatic.com/firebasejs/10.8.0/firebase-performance.js","remote-config":"https://www.gstatic.com/firebasejs/10.8.0/firebase-remote-config.js","messaging":"https://www.gstatic.com/firebasejs/10.8.0/firebase-messaging.js","messaging/sw":"https://www.gstatic.com/firebasejs/10.8.0/firebase-messaging/sw.js","database":"https://www.gstatic.com/firebasejs/10.8.0/firebase-database.js","firestore.memory":"https://www.gstatic.com/firebasejs/10.8.0/firebase-firestore.memory.js"}}
[info] i  Skipping write of public/index.html 
[info] 
[info] i  Detected a .git folder at F:\React Tut\firebase-social-media-app 
[info] i  Authorizing with GitHub to upload your service account to a GitHub repository's secrets store. 
[info] 
[info] Visit this URL on this device to log in:
[info] https://github.com/login/oauth/authorize?client_id=89cf50f02ac6aaed3484&state=1052760750&redirect_uri=http%3A%2F%2Flocalhost%3A9005&scope=read%3Auser%20repo%20public_repo
[info] 
[info] Waiting for authentication...
[debug] [2024-02-21T07:36:48.091Z] >>> [apiv2][query] POST https://github.com/login/oauth/access_token [none]
[debug] [2024-02-21T07:36:48.092Z] >>> [apiv2][body] POST https://github.com/login/oauth/access_token [stream]
[debug] [2024-02-21T07:36:48.677Z] <<< [apiv2][status] POST https://github.com/login/oauth/access_token 200
[debug] [2024-02-21T07:36:48.678Z] <<< [apiv2][body] POST https://github.com/login/oauth/access_token {"access_token":"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","token_type":"bearer","scope":"read:user,repo"}
[debug] [2024-02-21T07:36:48.702Z] >>> [apiv2][query] GET https://api.github.com/user [none]
[debug] [2024-02-21T07:36:49.181Z] <<< [apiv2][status] GET https://api.github.com/user 200
[debug] [2024-02-21T07:36:49.181Z] <<< [apiv2][body] GET https://api.github.com/user {"login":"rishabhdev444","id":53978955,"node_id":"MDQ6VXNlcjUzOTc4OTU1","avatar_url":"https://avatars.githubusercontent.com/u/53978955?v=4","gravatar_id":"","url":"https://api.github.com/users/rishabhdev444","html_url":"https://github.com/rishabhdev444","followers_url":"https://api.github.com/users/rishabhdev444/followers","following_url":"https://api.github.com/users/rishabhdev444/following{/other_user}","gists_url":"https://api.github.com/users/rishabhdev444/gists{/gist_id}","starred_url":"https://api.github.com/users/rishabhdev444/starred{/owner}{/repo}","subscriptions_url":"https://api.github.com/users/rishabhdev444/subscriptions","organizations_url":"https://api.github.com/users/rishabhdev444/orgs","repos_url":"https://api.github.com/users/rishabhdev444/repos","events_url":"https://api.github.com/users/rishabhdev444/events{/privacy}","received_events_url":"https://api.github.com/users/rishabhdev444/received_events","type":"User","site_admin":false,"name":"RISHABH DEV","company":null,"blog":"https://www.linkedin.com/in/rishabhdev444/","location":"India","email":null,"hireable":null,"bio":" Java Developer \r\n|| Electrical Engineer\r\n|| Email - rishabhdev444@gmail.com\r\n","twitter_username":null,"public_repos":38,"public_gists":0,"followers":0,"following":2,"created_at":"2019-08-10T17:49:37Z","updated_at":"2024-02-18T18:07:47Z","private_gists":0,"total_private_repos":0,"owned_private_repos":0,"disk_usage":128163,"collaborators":0,"two_factor_authentication":false,"plan":{"name":"free","space":976562499,"collaborators":0,"private_repos":10000}}
[info] 
[info] +  Success! Logged into GitHub as rishabhdev444 
[info] 
